  [4;36;1mSQL (0.000408)[0m   [0;1m SELECT name
 FROM sqlite_master
 WHERE type = 'table' AND NOT name = 'sqlite_sequence'
[0m
  [4;35;1mSQL (0.000427)[0m   [0mselect sqlite_version(*)[0m
  [4;36;1mSQL (0.002375)[0m   [0;1mCREATE TABLE "schema_migrations" ("version" varchar(255) NOT NULL) [0m
  [4;35;1mSQL (0.002216)[0m   [0mCREATE UNIQUE INDEX "unique_schema_migrations" ON "schema_migrations" ("version")[0m
  [4;36;1mSQL (0.000810)[0m   [0;1m SELECT name
 FROM sqlite_master
 WHERE type = 'table' AND NOT name = 'sqlite_sequence'
[0m
  [4;35;1mSQL (0.000286)[0m   [0mSELECT version FROM schema_migrations[0m
  [4;36;1mSQL (0.000198)[0m   [0;1mSELECT version FROM schema_migrations[0m
  [4;35;1mSQL (0.000195)[0m   [0mSELECT version FROM schema_migrations[0m
Migrating to CreateTasks (20080916181716)
  [4;36;1mSQL (0.000196)[0m   [0;1mSELECT version FROM schema_migrations[0m
  [4;35;1mSQL (0.002190)[0m   [0mCREATE TABLE "tasks" ("id" INTEGER PRIMARY KEY AUTOINCREMENT NOT NULL, "name" varchar(255) DEFAULT NULL NULL, "priority" integer DEFAULT NULL NULL, "created_at" datetime DEFAULT NULL NULL, "updated_at" datetime DEFAULT NULL NULL) [0m
  [4;36;1mSQL (0.002199)[0m   [0;1mINSERT INTO schema_migrations (version) VALUES ('20080916181716')[0m
Migrating to CreateTags (20080916181730)
  [4;35;1mSQL (0.000761)[0m   [0mSELECT version FROM schema_migrations[0m
  [4;36;1mSQL (0.002234)[0m   [0;1mCREATE TABLE "tags" ("id" INTEGER PRIMARY KEY AUTOINCREMENT NOT NULL, "name" varchar(255) DEFAULT NULL NULL, "created_at" datetime DEFAULT NULL NULL, "updated_at" datetime DEFAULT NULL NULL) [0m
  [4;35;1mSQL (0.001863)[0m   [0mINSERT INTO schema_migrations (version) VALUES ('20080916181730')[0m
Migrating to TagsTasks (20080916181820)
  [4;36;1mSQL (0.000842)[0m   [0;1mSELECT version FROM schema_migrations[0m
  [4;35;1mSQL (0.001998)[0m   [0mCREATE TABLE "tags_tasks" ("tag_id" integer DEFAULT NULL NULL, "task_id" integer DEFAULT NULL NULL) [0m
  [4;36;1mSQL (0.001786)[0m   [0;1mINSERT INTO schema_migrations (version) VALUES ('20080916181820')[0m
  [4;35;1mSQL (0.001690)[0m   [0mSELECT version FROM schema_migrations[0m
  [4;36;1mSQL (0.001121)[0m   [0;1m SELECT name
 FROM sqlite_master
 WHERE type = 'table' AND NOT name = 'sqlite_sequence'
[0m
  [4;35;1mSQL (0.000209)[0m   [0mPRAGMA index_list("tags")[0m
  [4;36;1mSQL (0.000177)[0m   [0;1mPRAGMA index_list("tags_tasks")[0m
  [4;35;1mSQL (0.000186)[0m   [0mPRAGMA index_list("tasks")[0m
